{"/Users/yang-areum/Desktop/goorm/frontend/jest-study/src/_components/LoginStatus.jsx": {"path":"/Users/yang-areum/Desktop/goorm/frontend/jest-study/src/_components/LoginStatus.jsx","statementMap":{"0":{"start":{"line":2,"column":2},"end":{"line":4,"column":4}}},"fnMap":{"0":{"name":"LoginStatus","decl":{"start":{"line":1,"column":24},"end":{"line":1,"column":35}},"loc":{"start":{"line":1,"column":52},"end":{"line":5,"column":1}},"line":1}},"branchMap":{"0":{"loc":{"start":{"line":3,"column":10},"end":{"line":3,"column":57}},"type":"cond-expr","locations":[{"start":{"line":3,"column":23},"end":{"line":3,"column":36}},{"start":{"line":3,"column":39},"end":{"line":3,"column":57}}],"line":3}},"s":{"0":2},"f":{"0":2},"b":{"0":[1,1]},"_coverageSchema":"1a1c01bbd47fc00a2c39e90264f33305004495a9","hash":"57ff2e0ee08d8a5e248fea2e3b5baea2e2fd9495"}
}
